phoneNumberSignIn/app/build/intermediates/manifest_merge_blame_file/debug/manifest-merger-blame-debug-report.txt
1<?xml version="1.0" encoding="utf-8"?>
2<manifest xmlns:android="http://schemas.android.com/apk/res/android"
3    package="com.example.phonenumbersignin"
4    android:versionCode="1"
5    android:versionName="1.0" >
6
7    <uses-sdk
8        android:minSdkVersion="24"
9        android:targetSdkVersion="33" />
10
11    <uses-permission android:name="android.permission.INTERNET" />
11-->[com.google.firebase:firebase-auth:22.3.1] AndroidManifest.xml:25:5-67
11-->[com.google.firebase:firebase-auth:22.3.1] AndroidManifest.xml:25:22-64
12    <uses-permission android:name="android.permission.ACCESS_NETWORK_STATE" />
12-->[com.google.firebase:firebase-auth:22.3.1] AndroidManifest.xml:26:5-79
12-->[com.google.firebase:firebase-auth:22.3.1] AndroidManifest.xml:26:22-76
13    <uses-permission android:name="com.google.android.providers.gsf.permission.READ_GSERVICES" />
13-->[com.google.android.recaptcha:recaptcha:18.4.0] AndroidManifest.xml:9:5-98
13-->[com.google.android.recaptcha:recaptcha:18.4.0] AndroidManifest.xml:9:22-95
14
15    <permission
15-->[androidx.core:core:1.9.0] AndroidManifest.xml:22:5-24:47
16        android:name="com.example.phonenumbersignin.DYNAMIC_RECEIVER_NOT_EXPORTED_PERMISSION"
16-->[androidx.core:core:1.9.0] AndroidManifest.xml:23:9-81
17        android:protectionLevel="signature" />
17-->[androidx.core:core:1.9.0] AndroidManifest.xml:24:9-44
18
19    <uses-permission android:name="com.example.phonenumbersignin.DYNAMIC_RECEIVER_NOT_EXPORTED_PERMISSION" />
19-->[androidx.core:core:1.9.0] AndroidManifest.xml:26:5-97
19-->[androidx.core:core:1.9.0] AndroidManifest.xml:26:22-94
20
21    <application
21-->src\main\AndroidManifest.xml:5:5-27:19
22        android:allowBackup="true"
22-->src\main\AndroidManifest.xml:6:9-35
23        android:appComponentFactory="androidx.core.app.CoreComponentFactory"
23-->[androidx.core:core:1.9.0] AndroidManifest.xml:28:18-86
24        android:dataExtractionRules="@xml/data_extraction_rules"
24-->src\main\AndroidManifest.xml:7:9-65
25        android:debuggable="true"
26        android:extractNativeLibs="false"
27        android:fullBackupContent="@xml/backup_rules"
27-->src\main\AndroidManifest.xml:8:9-54
28        android:icon="@mipmap/ic_launcher"
28-->src\main\AndroidManifest.xml:9:9-43
29        android:label="@string/app_name"
29-->src\main\AndroidManifest.xml:10:9-41
30        android:roundIcon="@mipmap/ic_launcher_round"
30-->src\main\AndroidManifest.xml:11:9-54
31        android:supportsRtl="true"
31-->src\main\AndroidManifest.xml:12:9-35
32        android:testOnly="true"
33        android:theme="@style/Theme.PhoneNumberSignIn" >
33-->src\main\AndroidManifest.xml:13:9-55
34        <activity
34-->src\main\AndroidManifest.xml:15:9-17:40
35            android:name="com.example.phonenumbersignin.OtpActivity"
35-->src\main\AndroidManifest.xml:16:13-40
36            android:exported="false" />
36-->src\main\AndroidManifest.xml:17:13-37
37        <activity
37-->src\main\AndroidManifest.xml:18:9-26:20
38            android:name="com.example.phonenumbersignin.MainActivity"
38-->src\main\AndroidManifest.xml:19:13-41
39            android:exported="true" >
39-->src\main\AndroidManifest.xml:20:13-36
40            <intent-filter>
40-->src\main\AndroidManifest.xml:21:13-25:29
41                <action android:name="android.intent.action.MAIN" />
41-->src\main\AndroidManifest.xml:22:17-69
41-->src\main\AndroidManifest.xml:22:25-66
42
43                <category android:name="android.intent.category.LAUNCHER" />
43-->src\main\AndroidManifest.xml:24:17-77
43-->src\main\AndroidManifest.xml:24:27-74
44            </intent-filter>
45        </activity>
46        <activity
46-->[com.google.firebase:firebase-auth:22.3.1] AndroidManifest.xml:29:9-46:20
47            android:name="com.google.firebase.auth.internal.GenericIdpActivity"
47-->[com.google.firebase:firebase-auth:22.3.1] AndroidManifest.xml:30:13-80
48            android:excludeFromRecents="true"
48-->[com.google.firebase:firebase-auth:22.3.1] AndroidManifest.xml:31:13-46
49            android:exported="true"
49-->[com.google.firebase:firebase-auth:22.3.1] AndroidManifest.xml:32:13-36
50            android:launchMode="singleTask"
50-->[com.google.firebase:firebase-auth:22.3.1] AndroidManifest.xml:33:13-44
51            android:theme="@android:style/Theme.Translucent.NoTitleBar" >
51-->[com.google.firebase:firebase-auth:22.3.1] AndroidManifest.xml:34:13-72
52            <intent-filter>
52-->[com.google.firebase:firebase-auth:22.3.1] AndroidManifest.xml:35:13-45:29
53                <action android:name="android.intent.action.VIEW" />
53-->[com.google.firebase:firebase-auth:22.3.1] AndroidManifest.xml:36:17-69
53-->[com.google.firebase:firebase-auth:22.3.1] AndroidManifest.xml:36:25-66
54
55                <category android:name="android.intent.category.DEFAULT" />
55-->[com.google.firebase:firebase-auth:22.3.1] AndroidManifest.xml:38:17-76
55-->[com.google.firebase:firebase-auth:22.3.1] AndroidManifest.xml:38:27-73
56                <category android:name="android.intent.category.BROWSABLE" />
56-->[com.google.firebase:firebase-auth:22.3.1] AndroidManifest.xml:39:17-78
56-->[com.google.firebase:firebase-auth:22.3.1] AndroidManifest.xml:39:27-75
57
58                <data
58-->[com.google.firebase:firebase-auth:22.3.1] AndroidManifest.xml:41:17-44:51
59                    android:host="firebase.auth"
59-->[com.google.firebase:firebase-auth:22.3.1] AndroidManifest.xml:42:21-49
60                    android:path="/"
60-->[com.google.firebase:firebase-auth:22.3.1] AndroidManifest.xml:43:21-37
61                    android:scheme="genericidp" />
61-->[com.google.firebase:firebase-auth:22.3.1] AndroidManifest.xml:44:21-48
62            </intent-filter>
63        </activity>
64        <activity
64-->[com.google.firebase:firebase-auth:22.3.1] AndroidManifest.xml:47:9-64:20
65            android:name="com.google.firebase.auth.internal.RecaptchaActivity"
65-->[com.google.firebase:firebase-auth:22.3.1] AndroidManifest.xml:48:13-79
66            android:excludeFromRecents="true"
66-->[com.google.firebase:firebase-auth:22.3.1] AndroidManifest.xml:49:13-46
67            android:exported="true"
67-->[com.google.firebase:firebase-auth:22.3.1] AndroidManifest.xml:50:13-36
68            android:launchMode="singleTask"
68-->[com.google.firebase:firebase-auth:22.3.1] AndroidManifest.xml:51:13-44
69            android:theme="@android:style/Theme.Translucent.NoTitleBar" >
69-->[com.google.firebase:firebase-auth:22.3.1] AndroidManifest.xml:52:13-72
70            <intent-filter>
70-->[com.google.firebase:firebase-auth:22.3.1] AndroidManifest.xml:53:13-63:29
71                <action android:name="android.intent.action.VIEW" />
71-->[com.google.firebase:firebase-auth:22.3.1] AndroidManifest.xml:36:17-69
71-->[com.google.firebase:firebase-auth:22.3.1] AndroidManifest.xml:36:25-66
72
73                <category android:name="android.intent.category.DEFAULT" />
73-->[com.google.firebase:firebase-auth:22.3.1] AndroidManifest.xml:38:17-76
73-->[com.google.firebase:firebase-auth:22.3.1] AndroidManifest.xml:38:27-73
74                <category android:name="android.intent.category.BROWSABLE" />
74-->[com.google.firebase:firebase-auth:22.3.1] AndroidManifest.xml:39:17-78
74-->[com.google.firebase:firebase-auth:22.3.1] AndroidManifest.xml:39:27-75
75
76                <data
76-->[com.google.firebase:firebase-auth:22.3.1] AndroidManifest.xml:41:17-44:51
77                    android:host="firebase.auth"
77-->[com.google.firebase:firebase-auth:22.3.1] AndroidManifest.xml:42:21-49
78                    android:path="/"
78-->[com.google.firebase:firebase-auth:22.3.1] AndroidManifest.xml:43:21-37
79                    android:scheme="recaptcha" />
79-->[com.google.firebase:firebase-auth:22.3.1] AndroidManifest.xml:44:21-48
80            </intent-filter>
81        </activity>
82
83        <service
83-->[com.google.firebase:firebase-auth:22.3.1] AndroidManifest.xml:66:9-72:19
84            android:name="com.google.firebase.components.ComponentDiscoveryService"
84-->[com.google.firebase:firebase-auth:22.3.1] AndroidManifest.xml:67:13-84
85            android:directBootAware="true"
85-->[com.google.firebase:firebase-common:20.4.2] AndroidManifest.xml:32:13-43
86            android:exported="false" >
86-->[com.google.firebase:firebase-auth:22.3.1] AndroidManifest.xml:68:13-37
87            <meta-data
87-->[com.google.firebase:firebase-auth:22.3.1] AndroidManifest.xml:69:13-71:85
88                android:name="com.google.firebase.components:com.google.firebase.auth.FirebaseAuthRegistrar"
88-->[com.google.firebase:firebase-auth:22.3.1] AndroidManifest.xml:70:17-109
89                android:value="com.google.firebase.components.ComponentRegistrar" />
89-->[com.google.firebase:firebase-auth:22.3.1] AndroidManifest.xml:71:17-82
90            <meta-data
90-->[com.google.firebase:firebase-common-ktx:20.4.2] AndroidManifest.xml:12:13-14:85
91                android:name="com.google.firebase.components:com.google.firebase.ktx.FirebaseCommonLegacyRegistrar"
91-->[com.google.firebase:firebase-common-ktx:20.4.2] AndroidManifest.xml:13:17-116
92                android:value="com.google.firebase.components.ComponentRegistrar" />
92-->[com.google.firebase:firebase-common-ktx:20.4.2] AndroidManifest.xml:14:17-82
93            <meta-data
93-->[com.google.firebase:firebase-common:20.4.2] AndroidManifest.xml:35:13-37:85
94                android:name="com.google.firebase.components:com.google.firebase.FirebaseCommonKtxRegistrar"
94-->[com.google.firebase:firebase-common:20.4.2] AndroidManifest.xml:36:17-109
95                android:value="com.google.firebase.components.ComponentRegistrar" />
95-->[com.google.firebase:firebase-common:20.4.2] AndroidManifest.xml:37:17-82
96        </service>
97
98        <provider
98-->[com.google.firebase:firebase-common:20.4.2] AndroidManifest.xml:23:9-28:39
99            android:name="com.google.firebase.provider.FirebaseInitProvider"
99-->[com.google.firebase:firebase-common:20.4.2] AndroidManifest.xml:24:13-77
100            android:authorities="com.example.phonenumbersignin.firebaseinitprovider"
100-->[com.google.firebase:firebase-common:20.4.2] AndroidManifest.xml:25:13-72
101            android:directBootAware="true"
101-->[com.google.firebase:firebase-common:20.4.2] AndroidManifest.xml:26:13-43
102            android:exported="false"
102-->[com.google.firebase:firebase-common:20.4.2] AndroidManifest.xml:27:13-37
103            android:initOrder="100" />
103-->[com.google.firebase:firebase-common:20.4.2] AndroidManifest.xml:28:13-36
104
105        <activity
105-->[com.google.android.gms:play-services-base:18.0.1] AndroidManifest.xml:20:9-22:45
106            android:name="com.google.android.gms.common.api.GoogleApiActivity"
106-->[com.google.android.gms:play-services-base:18.0.1] AndroidManifest.xml:20:19-85
107            android:exported="false"
107-->[com.google.android.gms:play-services-base:18.0.1] AndroidManifest.xml:22:19-43
108            android:theme="@android:style/Theme.Translucent.NoTitleBar" />
108-->[com.google.android.gms:play-services-base:18.0.1] AndroidManifest.xml:21:19-78
109
110        <meta-data
110-->[com.google.android.gms:play-services-basement:18.1.0] AndroidManifest.xml:21:9-23:69
111            android:name="com.google.android.gms.version"
111-->[com.google.android.gms:play-services-basement:18.1.0] AndroidManifest.xml:22:13-58
112            android:value="@integer/google_play_services_version" />
112-->[com.google.android.gms:play-services-basement:18.1.0] AndroidManifest.xml:23:13-66
113
114        <provider
114-->[androidx.emoji2:emoji2:1.2.0] AndroidManifest.xml:24:9-32:20
115            android:name="androidx.startup.InitializationProvider"
115-->[androidx.emoji2:emoji2:1.2.0] AndroidManifest.xml:25:13-67
116            android:authorities="com.example.phonenumbersignin.androidx-startup"
116-->[androidx.emoji2:emoji2:1.2.0] AndroidManifest.xml:26:13-68
117            android:exported="false" >
117-->[androidx.emoji2:emoji2:1.2.0] AndroidManifest.xml:27:13-37
118            <meta-data
118-->[androidx.emoji2:emoji2:1.2.0] AndroidManifest.xml:29:13-31:52
119                android:name="androidx.emoji2.text.EmojiCompatInitializer"
119-->[androidx.emoji2:emoji2:1.2.0] AndroidManifest.xml:30:17-75
120                android:value="androidx.startup" />
120-->[androidx.emoji2:emoji2:1.2.0] AndroidManifest.xml:31:17-49
121            <meta-data
121-->[androidx.lifecycle:lifecycle-process:2.6.1] AndroidManifest.xml:29:13-31:52
122                android:name="androidx.lifecycle.ProcessLifecycleInitializer"
122-->[androidx.lifecycle:lifecycle-process:2.6.1] AndroidManifest.xml:30:17-78
123                android:value="androidx.startup" />
123-->[androidx.lifecycle:lifecycle-process:2.6.1] AndroidManifest.xml:31:17-49
124            <meta-data
124-->[androidx.profileinstaller:profileinstaller:1.3.0] AndroidManifest.xml:29:13-31:52
125                android:name="androidx.profileinstaller.ProfileInstallerInitializer"
125-->[androidx.profileinstaller:profileinstaller:1.3.0] AndroidManifest.xml:30:17-85
126                android:value="androidx.startup" />
126-->[androidx.profileinstaller:profileinstaller:1.3.0] AndroidManifest.xml:31:17-49
127        </provider>
128
129        <receiver
129-->[androidx.profileinstaller:profileinstaller:1.3.0] AndroidManifest.xml:34:9-52:20
130            android:name="androidx.profileinstaller.ProfileInstallReceiver"
130-->[androidx.profileinstaller:profileinstaller:1.3.0] AndroidManifest.xml:35:13-76
131            android:directBootAware="false"
131-->[androidx.profileinstaller:profileinstaller:1.3.0] AndroidManifest.xml:36:13-44
132            android:enabled="true"
132-->[androidx.profileinstaller:profileinstaller:1.3.0] AndroidManifest.xml:37:13-35
133            android:exported="true"
133-->[androidx.profileinstaller:profileinstaller:1.3.0] AndroidManifest.xml:38:13-36
134            android:permission="android.permission.DUMP" >
134-->[androidx.profileinstaller:profileinstaller:1.3.0] AndroidManifest.xml:39:13-57
135            <intent-filter>
135-->[androidx.profileinstaller:profileinstaller:1.3.0] AndroidManifest.xml:40:13-42:29
136                <action android:name="androidx.profileinstaller.action.INSTALL_PROFILE" />
136-->[androidx.profileinstaller:profileinstaller:1.3.0] AndroidManifest.xml:41:17-91
136-->[androidx.profileinstaller:profileinstaller:1.3.0] AndroidManifest.xml:41:25-88
137            </intent-filter>
138            <intent-filter>
138-->[androidx.profileinstaller:profileinstaller:1.3.0] AndroidManifest.xml:43:13-45:29
139                <action android:name="androidx.profileinstaller.action.SKIP_FILE" />
139-->[androidx.profileinstaller:profileinstaller:1.3.0] AndroidManifest.xml:44:17-85
139-->[androidx.profileinstaller:profileinstaller:1.3.0] AndroidManifest.xml:44:25-82
140            </intent-filter>
141            <intent-filter>
141-->[androidx.profileinstaller:profileinstaller:1.3.0] AndroidManifest.xml:46:13-48:29
142                <action android:name="androidx.profileinstaller.action.SAVE_PROFILE" />
142-->[androidx.profileinstaller:profileinstaller:1.3.0] AndroidManifest.xml:47:17-88
142-->[androidx.profileinstaller:profileinstaller:1.3.0] AndroidManifest.xml:47:25-85
143            </intent-filter>
144            <intent-filter>
144-->[androidx.profileinstaller:profileinstaller:1.3.0] AndroidManifest.xml:49:13-51:29
145                <action android:name="androidx.profileinstaller.action.BENCHMARK_OPERATION" />
145-->[androidx.profileinstaller:profileinstaller:1.3.0] AndroidManifest.xml:50:17-95
145-->[androidx.profileinstaller:profileinstaller:1.3.0] AndroidManifest.xml:50:25-92
146            </intent-filter>
147        </receiver>
148    </application>
149
150</manifest>